
2026-04-15 02:08:09,281 - ActivityBot - INFO - Starting ActivityBot execution
2026-04-15 02:08:09,894 - ActivityBot - INFO - Obtained login token
2026-04-15 02:08:10,479 - ActivityBot - INFO - Successfully logged in as Inactivity Bot
2026-04-15 02:08:11,023 - ActivityBot - INFO - Obtained csrf token
2026-04-15 02:08:11,563 - ActivityBot - INFO - Obtained userrights token
2026-04-15 02:08:12,107 - ActivityBot - INFO - Found 29 users in group 'sysop' (after exclusions)
2026-04-15 02:08:12,649 - ActivityBot - INFO - Found 22 users in group 'bureaucrat' (after exclusions)
2026-04-15 02:08:12,649 - ActivityBot - INFO - Checking activity for AlPaD (groups: sysop, bureaucrat)
2026-04-15 02:08:13,745 - ActivityBot - INFO - AlPaD has been inactive for 0 days (threshold: 90)
2026-04-15 02:08:13,745 - ActivityBot - INFO - Checking activity for Anime (groups: sysop)
2026-04-15 02:08:14,838 - ActivityBot - INFO - Anime has been inactive for 88 days (threshold: 90)
2026-04-15 02:08:14,838 - ActivityBot - INFO - Checking activity for AsamuraShiki (groups: sysop, bureaucrat)
2026-04-15 02:08:15,927 - ActivityBot - INFO - AsamuraShiki has been inactive for 3 days (threshold: 90)
2026-04-15 02:08:15,927 - ActivityBot - INFO - Checking activity for Bosco (groups: sysop, bureaucrat)
2026-04-15 02:08:17,017 - ActivityBot - INFO - Bosco has been inactive for 12 days (threshold: 90)
2026-04-15 02:08:17,018 - ActivityBot - INFO - Checking activity for Bosco-bot (groups: sysop)
2026-04-15 02:08:18,108 - ActivityBot - INFO - Bosco-bot has been inactive for 22 days (threshold: 90)
2026-04-15 02:08:18,108 - ActivityBot - INFO - Checking activity for Codename Noreste (groups: sysop, bureaucrat)
2026-04-15 02:08:19,192 - ActivityBot - INFO - Codename Noreste has been inactive for 62 days (threshold: 90)
2026-04-15 02:08:19,192 - ActivityBot - INFO - Checking activity for Cptabhiimanyuseven (groups: sysop, bureaucrat)
2026-04-15 02:08:20,280 - ActivityBot - INFO - Cptabhiimanyuseven has been inactive for 54 days (threshold: 90)
2026-04-15 02:08:20,280 - ActivityBot - INFO - Checking activity for Euphoria (groups: sysop, bureaucrat)
2026-04-15 02:08:21,407 - ActivityBot - INFO - Euphoria has been inactive for 29 days (threshold: 90)
2026-04-15 02:08:21,407 - ActivityBot - INFO - Checking activity for Hedgehogtree (groups: sysop)
2026-04-15 02:08:22,489 - ActivityBot - INFO - Hedgehogtree has been inactive for 49 days (threshold: 90)
2026-04-15 02:08:22,489 - ActivityBot - INFO - Checking activity for HurricaneZeta (groups: sysop)
2026-04-15 02:08:23,575 - ActivityBot - INFO - HurricaneZeta has been inactive for 18 days (threshold: 90)
2026-04-15 02:08:23,575 - ActivityBot - INFO - Checking activity for Inactivity Bot (groups: sysop, bureaucrat)
2026-04-15 02:08:23,575 - ActivityBot - INFO - Skipping excluded user: Inactivity Bot
2026-04-15 02:08:23,575 - ActivityBot - INFO - Checking activity for Janus (groups: sysop, bureaucrat)
2026-04-15 02:08:24,659 - ActivityBot - INFO - Janus has been inactive for 31 days (threshold: 90)
2026-04-15 02:08:24,659 - ActivityBot - INFO - Checking activity for MSK (groups: sysop)
2026-04-15 02:08:25,747 - ActivityBot - INFO - MSK has been inactive for 59 days (threshold: 90)
2026-04-15 02:08:25,747 - ActivityBot - INFO - Checking activity for Muffy (groups: sysop, bureaucrat)
2026-04-15 02:08:26,880 - ActivityBot - INFO - Muffy has been inactive for 31 days (threshold: 90)
2026-04-15 02:08:26,880 - ActivityBot - INFO - Checking activity for NguoiDungKhongDinhDanh (groups: sysop, bureaucrat)
2026-04-15 02:08:27,967 - ActivityBot - INFO - NguoiDungKhongDinhDanh has been inactive for 18 days (threshold: 90)
2026-04-15 02:08:27,967 - ActivityBot - INFO - Checking activity for No se (groups: sysop, bureaucrat)
2026-04-15 02:08:29,074 - ActivityBot - INFO - No se has been inactive for 71 days (threshold: 90)
2026-04-15 02:08:29,074 - ActivityBot - INFO - Checking activity for Peterxy12 (groups: sysop, bureaucrat)
2026-04-15 02:08:30,168 - ActivityBot - INFO - Peterxy12 has been inactive for 2 days (threshold: 90)
2026-04-15 02:08:30,168 - ActivityBot - INFO - Checking activity for Pro-anti-air (groups: sysop, bureaucrat)
2026-04-15 02:08:31,266 - ActivityBot - INFO - Pro-anti-air has been inactive for 61 days (threshold: 90)
2026-04-15 02:08:31,266 - ActivityBot - INFO - Checking activity for Quaille (groups: sysop, bureaucrat)
2026-04-15 02:08:32,354 - ActivityBot - INFO - Quaille has been inactive for 45 days (threshold: 90)
2026-04-15 02:08:32,355 - ActivityBot - INFO - Checking activity for SaoMikoto (groups: sysop, bureaucrat)
2026-04-15 02:08:33,440 - ActivityBot - INFO - SaoMikoto has been inactive for 30 days (threshold: 90)
2026-04-15 02:08:33,440 - ActivityBot - INFO - Checking activity for Sharky (groups: sysop)
2026-04-15 02:08:34,530 - ActivityBot - INFO - Sharky has been inactive for 42 days (threshold: 90)
2026-04-15 02:08:34,530 - ActivityBot - INFO - Checking activity for Sidrat al-Muntaha (groups: sysop, bureaucrat)
2026-04-15 02:08:35,630 - ActivityBot - INFO - Sidrat al-Muntaha has been inactive for 12 days (threshold: 90)
2026-04-15 02:08:35,630 - ActivityBot - INFO - Checking activity for SimpleObjects-testwiki (groups: sysop, bureaucrat)
2026-04-15 02:08:36,717 - ActivityBot - INFO - SimpleObjects-testwiki has been inactive for 7 days (threshold: 90)
2026-04-15 02:08:36,717 - ActivityBot - INFO - Checking activity for Tester (groups: sysop, bureaucrat)
2026-04-15 02:08:37,803 - ActivityBot - INFO - Tester has been inactive for 72 days (threshold: 90)
2026-04-15 02:08:37,803 - ActivityBot - INFO - Checking activity for Tester und Übersetzer (groups: sysop)
2026-04-15 02:08:38,896 - ActivityBot - INFO - Tester und Übersetzer has been inactive for 25 days (threshold: 90)
2026-04-15 02:08:38,896 - ActivityBot - INFO - Checking activity for Thingofme (groups: sysop, bureaucrat)
2026-04-15 02:08:39,987 - ActivityBot - INFO - Thingofme has been inactive for 64 days (threshold: 90)
2026-04-15 02:08:39,987 - ActivityBot - INFO - Checking activity for Username (groups: sysop, bureaucrat)
2026-04-15 02:08:41,071 - ActivityBot - INFO - Username has been inactive for 4 days (threshold: 90)
2026-04-15 02:08:41,071 - ActivityBot - INFO - Checking activity for Whyiseverythingalreadyused (groups: sysop, bureaucrat)
2026-04-15 02:08:42,156 - ActivityBot - INFO - Whyiseverythingalreadyused has been inactive for 1 days (threshold: 90)
2026-04-15 02:08:42,156 - ActivityBot - INFO - Checking activity for Yuki Shiromita (groups: sysop, bureaucrat)
2026-04-15 02:08:43,251 - ActivityBot - INFO - Yuki Shiromita has been inactive for 39 days (threshold: 90)
2026-04-15 02:08:43,251 - ActivityBot - INFO - No actions to report today
2026-04-15 02:08:43,252 - ActivityBot - INFO - ActivityBot execution completed. Actions taken: 0 rights removals
2026-04-16 02:24:25,752 - ActivityBot - INFO - Starting ActivityBot execution
2026-04-16 02:24:26,667 - ActivityBot - INFO - Obtained login token
2026-04-16 02:24:27,247 - ActivityBot - INFO - Successfully logged in as Inactivity Bot
2026-04-16 02:24:27,789 - ActivityBot - INFO - Obtained csrf token
2026-04-16 02:24:28,327 - ActivityBot - INFO - Obtained userrights token
2026-04-16 02:24:28,870 - ActivityBot - INFO - Found 29 users in group 'sysop' (after exclusions)
2026-04-16 02:24:29,411 - ActivityBot - INFO - Found 22 users in group 'bureaucrat' (after exclusions)
2026-04-16 02:24:29,411 - ActivityBot - INFO - Checking activity for AlPaD (groups: sysop, bureaucrat)
2026-04-16 02:24:30,520 - ActivityBot - INFO - AlPaD has been inactive for 1 days (threshold: 90)
2026-04-16 02:24:30,520 - ActivityBot - INFO - Checking activity for Anime (groups: sysop)
2026-04-16 02:24:31,606 - ActivityBot - INFO - Anime has been inactive for 89 days (threshold: 90)
2026-04-16 02:24:31,606 - ActivityBot - INFO - Checking activity for AsamuraShiki (groups: sysop, bureaucrat)
2026-04-16 02:24:32,691 - ActivityBot - INFO - AsamuraShiki has been inactive for 4 days (threshold: 90)
2026-04-16 02:24:32,691 - ActivityBot - INFO - Checking activity for Bosco (groups: sysop, bureaucrat)
2026-04-16 02:24:33,778 - ActivityBot - INFO - Bosco has been inactive for 13 days (threshold: 90)
2026-04-16 02:24:33,778 - ActivityBot - INFO - Checking activity for Bosco-bot (groups: sysop)
2026-04-16 02:24:34,865 - ActivityBot - INFO - Bosco-bot has been inactive for 23 days (threshold: 90)
2026-04-16 02:24:34,865 - ActivityBot - INFO - Checking activity for Codename Noreste (groups: sysop, bureaucrat)
2026-04-16 02:24:35,950 - ActivityBot - INFO - Codename Noreste has been inactive for 63 days (threshold: 90)
2026-04-16 02:24:35,950 - ActivityBot - INFO - Checking activity for Cptabhiimanyuseven (groups: sysop, bureaucrat)
2026-04-16 02:24:37,066 - ActivityBot - INFO - Cptabhiimanyuseven has been inactive for 55 days (threshold: 90)
2026-04-16 02:24:37,066 - ActivityBot - INFO - Checking activity for Euphoria (groups: sysop, bureaucrat)
2026-04-16 02:24:38,154 - ActivityBot - INFO - Euphoria has been inactive for 30 days (threshold: 90)
2026-04-16 02:24:38,154 - ActivityBot - INFO - Checking activity for Hedgehogtree (groups: sysop)
2026-04-16 02:24:39,244 - ActivityBot - INFO - Hedgehogtree has been inactive for 50 days (threshold: 90)
2026-04-16 02:24:39,244 - ActivityBot - INFO - Checking activity for HurricaneZeta (groups: sysop)
2026-04-16 02:24:40,330 - ActivityBot - INFO - HurricaneZeta has been inactive for 19 days (threshold: 90)
2026-04-16 02:24:40,330 - ActivityBot - INFO - Checking activity for Inactivity Bot (groups: sysop, bureaucrat)
2026-04-16 02:24:40,330 - ActivityBot - INFO - Skipping excluded user: Inactivity Bot
2026-04-16 02:24:40,331 - ActivityBot - INFO - Checking activity for Janus (groups: sysop, bureaucrat)
2026-04-16 02:24:41,416 - ActivityBot - INFO - Janus has been inactive for 32 days (threshold: 90)
2026-04-16 02:24:41,416 - ActivityBot - INFO - Checking activity for MSK (groups: sysop)
2026-04-16 02:24:42,504 - ActivityBot - INFO - MSK has been inactive for 60 days (threshold: 90)
2026-04-16 02:24:42,504 - ActivityBot - INFO - Checking activity for Muffy (groups: sysop, bureaucrat)
2026-04-16 02:24:43,592 - ActivityBot - INFO - Muffy has been inactive for 32 days (threshold: 90)
2026-04-16 02:24:43,592 - ActivityBot - INFO - Checking activity for NguoiDungKhongDinhDanh (groups: sysop, bureaucrat)
2026-04-16 02:24:44,679 - ActivityBot - INFO - NguoiDungKhongDinhDanh has been inactive for 19 days (threshold: 90)
2026-04-16 02:24:44,679 - ActivityBot - INFO - Checking activity for No se (groups: sysop, bureaucrat)
2026-04-16 02:24:45,766 - ActivityBot - INFO - No se has been inactive for 72 days (threshold: 90)
2026-04-16 02:24:45,766 - ActivityBot - INFO - Checking activity for Peterxy12 (groups: sysop, bureaucrat)
2026-04-16 02:24:46,851 - ActivityBot - INFO - Peterxy12 has been inactive for 3 days (threshold: 90)
2026-04-16 02:24:46,851 - ActivityBot - INFO - Checking activity for Pro-anti-air (groups: sysop, bureaucrat)
2026-04-16 02:24:47,941 - ActivityBot - INFO - Pro-anti-air has been inactive for 62 days (threshold: 90)
2026-04-16 02:24:47,941 - ActivityBot - INFO - Checking activity for Quaille (groups: sysop, bureaucrat)
2026-04-16 02:24:49,026 - ActivityBot - INFO - Quaille has been inactive for 46 days (threshold: 90)
2026-04-16 02:24:49,026 - ActivityBot - INFO - Checking activity for SaoMikoto (groups: sysop, bureaucrat)
2026-04-16 02:24:50,113 - ActivityBot - INFO - SaoMikoto has been inactive for 31 days (threshold: 90)
2026-04-16 02:24:50,113 - ActivityBot - INFO - Checking activity for Sharky (groups: sysop)
2026-04-16 02:24:51,200 - ActivityBot - INFO - Sharky has been inactive for 43 days (threshold: 90)
2026-04-16 02:24:51,200 - ActivityBot - INFO - Checking activity for Sidrat al-Muntaha (groups: sysop, bureaucrat)
2026-04-16 02:24:52,306 - ActivityBot - INFO - Sidrat al-Muntaha has been inactive for 13 days (threshold: 90)
2026-04-16 02:24:52,306 - ActivityBot - INFO - Checking activity for SimpleObjects-testwiki (groups: sysop, bureaucrat)
2026-04-16 02:24:53,401 - ActivityBot - INFO - SimpleObjects-testwiki has been inactive for 8 days (threshold: 90)
2026-04-16 02:24:53,401 - ActivityBot - INFO - Checking activity for Tester (groups: sysop, bureaucrat)
2026-04-16 02:24:54,486 - ActivityBot - INFO - Tester has been inactive for 73 days (threshold: 90)
2026-04-16 02:24:54,486 - ActivityBot - INFO - Checking activity for Tester und Übersetzer (groups: sysop)
2026-04-16 02:24:55,578 - ActivityBot - INFO - Tester und Übersetzer has been inactive for 26 days (threshold: 90)
2026-04-16 02:24:55,578 - ActivityBot - INFO - Checking activity for Thingofme (groups: sysop, bureaucrat)
2026-04-16 02:24:56,670 - ActivityBot - INFO - Thingofme has been inactive for 65 days (threshold: 90)
2026-04-16 02:24:56,670 - ActivityBot - INFO - Checking activity for Username (groups: sysop, bureaucrat)
2026-04-16 02:24:57,755 - ActivityBot - INFO - Username has been inactive for 5 days (threshold: 90)
2026-04-16 02:24:57,755 - ActivityBot - INFO - Checking activity for Whyiseverythingalreadyused (groups: sysop, bureaucrat)
2026-04-16 02:24:58,842 - ActivityBot - INFO - Whyiseverythingalreadyused has been inactive for 2 days (threshold: 90)
2026-04-16 02:24:58,842 - ActivityBot - INFO - Checking activity for Yuki Shiromita (groups: sysop, bureaucrat)
2026-04-16 02:24:59,924 - ActivityBot - INFO - Yuki Shiromita has been inactive for 40 days (threshold: 90)
2026-04-16 02:24:59,924 - ActivityBot - INFO - No actions to report today
2026-04-16 02:24:59,924 - ActivityBot - INFO - ActivityBot execution completed. Actions taken: 0 rights removals
2026-04-17 02:12:13,523 - ActivityBot - INFO - Starting ActivityBot execution
2026-04-17 02:12:14,122 - ActivityBot - INFO - Obtained login token
2026-04-17 02:12:14,699 - ActivityBot - INFO - Successfully logged in as Inactivity Bot
2026-04-17 02:12:15,243 - ActivityBot - INFO - Obtained csrf token
2026-04-17 02:12:15,782 - ActivityBot - INFO - Obtained userrights token
2026-04-17 02:12:16,322 - ActivityBot - INFO - Found 30 users in group 'sysop' (after exclusions)
2026-04-17 02:12:16,865 - ActivityBot - INFO - Found 22 users in group 'bureaucrat' (after exclusions)
2026-04-17 02:12:16,865 - ActivityBot - INFO - Checking activity for AlPaD (groups: sysop, bureaucrat)
2026-04-17 02:12:17,978 - ActivityBot - INFO - AlPaD has been inactive for 2 days (threshold: 90)
2026-04-17 02:12:17,978 - ActivityBot - INFO - Checking activity for Anime (groups: sysop)
2026-04-17 02:12:19,087 - ActivityBot - INFO - Anime has been inactive for 90 days, exceeding rights removal threshold
2026-04-17 02:12:21,838 - ActivityBot - INFO - Successfully removed rights ['sysop'] from Anime
2026-04-17 02:12:22,773 - ActivityBot - INFO - Successfully sent message to User talk:Anime
2026-04-17 02:12:22,774 - ActivityBot - INFO - Checking activity for AsamuraShiki (groups: sysop, bureaucrat)
2026-04-17 02:12:23,865 - ActivityBot - INFO - AsamuraShiki has been inactive for 5 days (threshold: 90)
2026-04-17 02:12:23,866 - ActivityBot - INFO - Checking activity for AstraVern (groups: sysop)
2026-04-17 02:12:24,950 - ActivityBot - INFO - AstraVern has been inactive for 2 days (threshold: 90)
2026-04-17 02:12:24,950 - ActivityBot - INFO - Checking activity for Bosco (groups: sysop, bureaucrat)
2026-04-17 02:12:26,043 - ActivityBot - INFO - Bosco has been inactive for 14 days (threshold: 90)
2026-04-17 02:12:26,043 - ActivityBot - INFO - Checking activity for Bosco-bot (groups: sysop)
2026-04-17 02:12:27,142 - ActivityBot - INFO - Bosco-bot has been inactive for 24 days (threshold: 90)
2026-04-17 02:12:27,142 - ActivityBot - INFO - Checking activity for Codename Noreste (groups: sysop, bureaucrat)
2026-04-17 02:12:28,232 - ActivityBot - INFO - Codename Noreste has been inactive for 64 days (threshold: 90)
2026-04-17 02:12:28,232 - ActivityBot - INFO - Checking activity for Cptabhiimanyuseven (groups: sysop, bureaucrat)
2026-04-17 02:12:29,325 - ActivityBot - INFO - Cptabhiimanyuseven has been inactive for 56 days (threshold: 90)
2026-04-17 02:12:29,325 - ActivityBot - INFO - Checking activity for Euphoria (groups: sysop, bureaucrat)
2026-04-17 02:12:30,423 - ActivityBot - INFO - Euphoria has been inactive for 0 days (threshold: 90)
2026-04-17 02:12:30,423 - ActivityBot - INFO - Checking activity for Hedgehogtree (groups: sysop)
2026-04-17 02:12:31,520 - ActivityBot - INFO - Hedgehogtree has been inactive for 51 days (threshold: 90)
2026-04-17 02:12:31,520 - ActivityBot - INFO - Checking activity for HurricaneZeta (groups: sysop)
2026-04-17 02:12:32,622 - ActivityBot - INFO - HurricaneZeta has been inactive for 20 days (threshold: 90)
2026-04-17 02:12:32,622 - ActivityBot - INFO - Checking activity for Inactivity Bot (groups: sysop, bureaucrat)
2026-04-17 02:12:32,622 - ActivityBot - INFO - Skipping excluded user: Inactivity Bot
2026-04-17 02:12:32,622 - ActivityBot - INFO - Checking activity for Janus (groups: sysop, bureaucrat)
2026-04-17 02:12:33,706 - ActivityBot - INFO - Janus has been inactive for 33 days (threshold: 90)
2026-04-17 02:12:33,706 - ActivityBot - INFO - Checking activity for MSK (groups: sysop)
2026-04-17 02:12:34,799 - ActivityBot - INFO - MSK has been inactive for 61 days (threshold: 90)
2026-04-17 02:12:34,799 - ActivityBot - INFO - Checking activity for Muffy (groups: sysop, bureaucrat)
2026-04-17 02:12:35,883 - ActivityBot - INFO - Muffy has been inactive for 33 days (threshold: 90)
2026-04-17 02:12:35,883 - ActivityBot - INFO - Checking activity for NguoiDungKhongDinhDanh (groups: sysop, bureaucrat)
2026-04-17 02:12:36,967 - ActivityBot - INFO - NguoiDungKhongDinhDanh has been inactive for 20 days (threshold: 90)
2026-04-17 02:12:36,968 - ActivityBot - INFO - Checking activity for No se (groups: sysop, bureaucrat)
2026-04-17 02:12:38,056 - ActivityBot - INFO - No se has been inactive for 73 days (threshold: 90)
2026-04-17 02:12:38,056 - ActivityBot - INFO - Checking activity for Peterxy12 (groups: sysop, bureaucrat)
2026-04-17 02:12:39,143 - ActivityBot - INFO - Peterxy12 has been inactive for 4 days (threshold: 90)
2026-04-17 02:12:39,143 - ActivityBot - INFO - Checking activity for Pro-anti-air (groups: sysop, bureaucrat)
2026-04-17 02:12:40,233 - ActivityBot - INFO - Pro-anti-air has been inactive for 63 days (threshold: 90)
2026-04-17 02:12:40,234 - ActivityBot - INFO - Checking activity for Quaille (groups: sysop, bureaucrat)
2026-04-17 02:12:41,323 - ActivityBot - INFO - Quaille has been inactive for 47 days (threshold: 90)
2026-04-17 02:12:41,323 - ActivityBot - INFO - Checking activity for SaoMikoto (groups: sysop, bureaucrat)
2026-04-17 02:12:42,406 - ActivityBot - INFO - SaoMikoto has been inactive for 32 days (threshold: 90)
2026-04-17 02:12:42,406 - ActivityBot - INFO - Checking activity for Sharky (groups: sysop)
2026-04-17 02:12:43,490 - ActivityBot - INFO - Sharky has been inactive for 44 days (threshold: 90)
2026-04-17 02:12:43,490 - ActivityBot - INFO - Checking activity for Sidrat al-Muntaha (groups: sysop, bureaucrat)
2026-04-17 02:12:44,573 - ActivityBot - INFO - Sidrat al-Muntaha has been inactive for 14 days (threshold: 90)
2026-04-17 02:12:44,573 - ActivityBot - INFO - Checking activity for SimpleObjects-testwiki (groups: sysop, bureaucrat)
2026-04-17 02:12:45,667 - ActivityBot - INFO - SimpleObjects-testwiki has been inactive for 9 days (threshold: 90)
2026-04-17 02:12:45,667 - ActivityBot - INFO - Checking activity for Tester (groups: sysop, bureaucrat)
2026-04-17 02:12:46,758 - ActivityBot - INFO - Tester has been inactive for 74 days (threshold: 90)
2026-04-17 02:12:46,758 - ActivityBot - INFO - Checking activity for Tester und Übersetzer (groups: sysop)
2026-04-17 02:12:47,848 - ActivityBot - INFO - Tester und Übersetzer has been inactive for 27 days (threshold: 90)
2026-04-17 02:12:47,848 - ActivityBot - INFO - Checking activity for Thingofme (groups: sysop, bureaucrat)
2026-04-17 02:12:48,939 - ActivityBot - INFO - Thingofme has been inactive for 66 days (threshold: 90)
2026-04-17 02:12:48,939 - ActivityBot - INFO - Checking activity for Username (groups: sysop, bureaucrat)
2026-04-17 02:12:50,024 - ActivityBot - INFO - Username has been inactive for 6 days (threshold: 90)
2026-04-17 02:12:50,024 - ActivityBot - INFO - Checking activity for Whyiseverythingalreadyused (groups: sysop, bureaucrat)
2026-04-17 02:12:51,122 - ActivityBot - INFO - Whyiseverythingalreadyused has been inactive for 0 days (threshold: 90)
2026-04-17 02:12:51,123 - ActivityBot - INFO - Checking activity for Yuki Shiromita (groups: sysop, bureaucrat)
2026-04-17 02:12:52,209 - ActivityBot - INFO - Yuki Shiromita has been inactive for 41 days (threshold: 90)
2026-04-17 02:12:52,764 - ActivityBot - ERROR - Error parsing report date from line '== Activity Report: 2025-12-20 == ': unconverted data remains:  
2026-04-17 02:12:52,764 - ActivityBot - ERROR - Error parsing report date from line '== Activity Report: 2025-12-27 == ': unconverted data remains:  
2026-04-17 02:12:53,654 - ActivityBot - INFO - Successfully updated Test Wiki:Activity reports page
2026-04-17 02:12:53,654 - ActivityBot - INFO - ActivityBot execution completed. Actions taken: 1 rights removals
2026-04-18 02:03:25,166 - ActivityBot - INFO - Starting ActivityBot execution
2026-04-18 02:03:26,087 - ActivityBot - INFO - Obtained login token
2026-04-18 02:03:26,702 - ActivityBot - INFO - Successfully logged in as Inactivity Bot
2026-04-18 02:03:27,281 - ActivityBot - INFO - Obtained csrf token
2026-04-18 02:03:27,856 - ActivityBot - INFO - Obtained userrights token
2026-04-18 02:03:28,436 - ActivityBot - INFO - Found 31 users in group 'sysop' (after exclusions)
2026-04-18 02:03:29,014 - ActivityBot - INFO - Found 23 users in group 'bureaucrat' (after exclusions)
2026-04-18 02:03:29,014 - ActivityBot - INFO - Checking activity for AlPaD (groups: sysop, bureaucrat)
2026-04-18 02:03:30,225 - ActivityBot - INFO - AlPaD has been inactive for 3 days (threshold: 90)
2026-04-18 02:03:30,225 - ActivityBot - INFO - Checking activity for AsamuraShiki (groups: sysop, bureaucrat)
2026-04-18 02:03:31,385 - ActivityBot - INFO - AsamuraShiki has been inactive for 6 days (threshold: 90)
2026-04-18 02:03:31,385 - ActivityBot - INFO - Checking activity for AstraVern (groups: sysop)
2026-04-18 02:03:32,543 - ActivityBot - INFO - AstraVern has been inactive for 3 days (threshold: 90)
2026-04-18 02:03:32,543 - ActivityBot - INFO - Checking activity for Bosco (groups: sysop, bureaucrat)
2026-04-18 02:03:33,705 - ActivityBot - INFO - Bosco has been inactive for 15 days (threshold: 90)
2026-04-18 02:03:33,705 - ActivityBot - INFO - Checking activity for Bosco-bot (groups: sysop)
2026-04-18 02:03:34,865 - ActivityBot - INFO - Bosco-bot has been inactive for 25 days (threshold: 90)
2026-04-18 02:03:34,865 - ActivityBot - INFO - Checking activity for Codename Noreste (groups: sysop, bureaucrat)
2026-04-18 02:03:36,026 - ActivityBot - INFO - Codename Noreste has been inactive for 65 days (threshold: 90)
2026-04-18 02:03:36,026 - ActivityBot - INFO - Checking activity for Cptabhiimanyuseven (groups: sysop, bureaucrat)
2026-04-18 02:03:37,186 - ActivityBot - INFO - Cptabhiimanyuseven has been inactive for 57 days (threshold: 90)
2026-04-18 02:03:37,187 - ActivityBot - INFO - Checking activity for Euphoria (groups: sysop, bureaucrat)
2026-04-18 02:03:38,346 - ActivityBot - INFO - Euphoria has been inactive for 1 days (threshold: 90)
2026-04-18 02:03:38,346 - ActivityBot - INFO - Checking activity for Hedgehogtree (groups: sysop)
2026-04-18 02:03:39,507 - ActivityBot - INFO - Hedgehogtree has been inactive for 52 days (threshold: 90)
2026-04-18 02:03:39,507 - ActivityBot - INFO - Checking activity for HurricaneZeta (groups: sysop)
2026-04-18 02:03:40,667 - ActivityBot - INFO - HurricaneZeta has been inactive for 21 days (threshold: 90)
2026-04-18 02:03:40,667 - ActivityBot - INFO - Checking activity for Inactivity Bot (groups: sysop, bureaucrat)
2026-04-18 02:03:40,667 - ActivityBot - INFO - Skipping excluded user: Inactivity Bot
2026-04-18 02:03:40,667 - ActivityBot - INFO - Checking activity for Janus (groups: sysop, bureaucrat)
2026-04-18 02:03:41,828 - ActivityBot - INFO - Janus has been inactive for 34 days (threshold: 90)
2026-04-18 02:03:41,828 - ActivityBot - INFO - Checking activity for MSK (groups: sysop)
2026-04-18 02:03:42,987 - ActivityBot - INFO - MSK has been inactive for 62 days (threshold: 90)
2026-04-18 02:03:42,987 - ActivityBot - INFO - Checking activity for Muffy (groups: sysop, bureaucrat)
2026-04-18 02:03:44,151 - ActivityBot - INFO - Muffy has been inactive for 34 days (threshold: 90)
2026-04-18 02:03:44,151 - ActivityBot - INFO - Checking activity for NguoiDungKhongDinhDanh (groups: sysop, bureaucrat)
2026-04-18 02:03:45,312 - ActivityBot - INFO - NguoiDungKhongDinhDanh has been inactive for 21 days (threshold: 90)
2026-04-18 02:03:45,312 - ActivityBot - INFO - Checking activity for No se (groups: sysop, bureaucrat)
2026-04-18 02:03:46,473 - ActivityBot - INFO - No se has been inactive for 74 days (threshold: 90)
2026-04-18 02:03:46,473 - ActivityBot - INFO - Checking activity for Peterxy12 (groups: sysop, bureaucrat)
2026-04-18 02:03:47,634 - ActivityBot - INFO - Peterxy12 has been inactive for 5 days (threshold: 90)
2026-04-18 02:03:47,634 - ActivityBot - INFO - Checking activity for Pro-anti-air (groups: sysop, bureaucrat)
2026-04-18 02:03:48,794 - ActivityBot - INFO - Pro-anti-air has been inactive for 64 days (threshold: 90)
2026-04-18 02:03:48,794 - ActivityBot - INFO - Checking activity for Quaille (groups: sysop, bureaucrat)
2026-04-18 02:03:49,954 - ActivityBot - INFO - Quaille has been inactive for 48 days (threshold: 90)
2026-04-18 02:03:49,954 - ActivityBot - INFO - Checking activity for SaoMikoto (groups: sysop, bureaucrat)
2026-04-18 02:03:51,115 - ActivityBot - INFO - SaoMikoto has been inactive for 33 days (threshold: 90)
2026-04-18 02:03:51,115 - ActivityBot - INFO - Checking activity for Shabe (groups: sysop, bureaucrat)
2026-04-18 02:03:52,276 - ActivityBot - INFO - Shabe has been inactive for 0 days (threshold: 90)
2026-04-18 02:03:52,276 - ActivityBot - INFO - Checking activity for ShabeTest (groups: sysop)
2026-04-18 02:03:53,437 - ActivityBot - INFO - ShabeTest has been inactive for 0 days (threshold: 90)
2026-04-18 02:03:53,437 - ActivityBot - INFO - Checking activity for Sharky (groups: sysop)
2026-04-18 02:03:54,597 - ActivityBot - INFO - Sharky has been inactive for 45 days (threshold: 90)
2026-04-18 02:03:54,597 - ActivityBot - INFO - Checking activity for Sidrat al-Muntaha (groups: sysop, bureaucrat)
2026-04-18 02:03:55,758 - ActivityBot - INFO - Sidrat al-Muntaha has been inactive for 15 days (threshold: 90)
2026-04-18 02:03:55,758 - ActivityBot - INFO - Checking activity for SimpleObjects-testwiki (groups: sysop, bureaucrat)
2026-04-18 02:03:56,938 - ActivityBot - INFO - SimpleObjects-testwiki has been inactive for 10 days (threshold: 90)
2026-04-18 02:03:56,938 - ActivityBot - INFO - Checking activity for Tester (groups: sysop, bureaucrat)
2026-04-18 02:03:58,098 - ActivityBot - INFO - Tester has been inactive for 75 days (threshold: 90)
2026-04-18 02:03:58,098 - ActivityBot - INFO - Checking activity for Tester und Übersetzer (groups: sysop)
2026-04-18 02:03:59,261 - ActivityBot - INFO - Tester und Übersetzer has been inactive for 28 days (threshold: 90)
2026-04-18 02:03:59,261 - ActivityBot - INFO - Checking activity for Thingofme (groups: sysop, bureaucrat)
2026-04-18 02:04:00,424 - ActivityBot - INFO - Thingofme has been inactive for 67 days (threshold: 90)
2026-04-18 02:04:00,424 - ActivityBot - INFO - Checking activity for Username (groups: sysop, bureaucrat)
2026-04-18 02:04:01,584 - ActivityBot - INFO - Username has been inactive for 7 days (threshold: 90)
2026-04-18 02:04:01,584 - ActivityBot - INFO - Checking activity for Whyiseverythingalreadyused (groups: sysop, bureaucrat)
2026-04-18 02:04:02,744 - ActivityBot - INFO - Whyiseverythingalreadyused has been inactive for 1 days (threshold: 90)
2026-04-18 02:04:02,744 - ActivityBot - INFO - Checking activity for Yuki Shiromita (groups: sysop, bureaucrat)
2026-04-18 02:04:03,903 - ActivityBot - INFO - Yuki Shiromita has been inactive for 42 days (threshold: 90)
2026-04-18 02:04:03,903 - ActivityBot - INFO - No actions to report today
2026-04-18 02:04:03,903 - ActivityBot - INFO - ActivityBot execution completed. Actions taken: 0 rights removals
